<?xml version="1.0" encoding="UTF-8"?>
<testsuite name="TestSuite" time="32.812" tests="1" errors="0" skipped="0" failures="0">
  <properties>
    <property name="java.runtime.name" value="OpenJDK Runtime Environment"/>
    <property name="sun.boot.library.path" value="/usr/local/Cellar/openjdk@8/1.8.0+302/libexec/openjdk.jdk/Contents/Home/jre/lib"/>
    <property name="java.vm.version" value="25.302-b00"/>
    <property name="gopherProxySet" value="false"/>
    <property name="java.vm.vendor" value="Homebrew"/>
    <property name="maven.multiModuleProjectDirectory" value="/Users/apple/eclipse-workspace/zaarolBasic"/>
    <property name="java.vendor.url" value="https://github.com/Homebrew/homebrew-core/issues"/>
    <property name="path.separator" value=":"/>
    <property name="guice.disable.misplaced.annotation.check" value="true"/>
    <property name="java.vm.name" value="OpenJDK 64-Bit Server VM"/>
    <property name="file.encoding.pkg" value="sun.io"/>
    <property name="user.country" value="IN"/>
    <property name="sun.java.launcher" value="SUN_STANDARD"/>
    <property name="sun.os.patch.level" value="unknown"/>
    <property name="java.vm.specification.name" value="Java Virtual Machine Specification"/>
    <property name="user.dir" value="/Users/apple/eclipse-workspace/zaarolBasic"/>
    <property name="java.runtime.version" value="1.8.0_302-bre_2021_08_14_21_34-b00"/>
    <property name="java.awt.graphicsenv" value="sun.awt.CGraphicsEnvironment"/>
    <property name="java.endorsed.dirs" value="/usr/local/Cellar/openjdk@8/1.8.0+302/libexec/openjdk.jdk/Contents/Home/jre/lib/endorsed"/>
    <property name="os.arch" value="x86_64"/>
    <property name="java.io.tmpdir" value="/var/folders/w7/pwyczxqx3d98zh4883t4qy7w0000gn/T/"/>
    <property name="line.separator" value="&#10;"/>
    <property name="java.vm.specification.vendor" value="Oracle Corporation"/>
    <property name="os.name" value="Mac OS X"/>
    <property name="classworlds.conf" value="/Users/apple/eclipse-workspace/.metadata/.plugins/org.eclipse.m2e.launching/launches/m2conf8450203490812579820.tmp"/>
    <property name="sun.jnu.encoding" value="UTF-8"/>
    <property name="java.library.path" value="/Users/apple/Library/Java/Extensions:/Library/Java/Extensions:/Network/Library/Java/Extensions:/System/Library/Java/Extensions:/usr/lib/java:."/>
    <property name="java.specification.name" value="Java Platform API Specification"/>
    <property name="java.class.version" value="52.0"/>
    <property name="sun.management.compiler" value="HotSpot 64-Bit Tiered Compilers"/>
    <property name="os.version" value="11.6"/>
    <property name="http.nonProxyHosts" value="local|*.local|169.254/16|*.169.254/16"/>
    <property name="user.home" value="/Users/apple"/>
    <property name="user.timezone" value="Asia/Kolkata"/>
    <property name="java.awt.printerjob" value="sun.lwawt.macosx.CPrinterJob"/>
    <property name="java.specification.version" value="1.8"/>
    <property name="file.encoding" value="UTF-8"/>
    <property name="user.name" value="apple"/>
    <property name="java.class.path" value="/Users/apple/.p2/pool/plugins/org.eclipse.m2e.maven.runtime_1.18.0.20210618-2246/jars/plexus-classworlds-2.6.0.jar"/>
    <property name="java.vm.specification.version" value="1.8"/>
    <property name="sun.arch.data.model" value="64"/>
    <property name="java.home" value="/usr/local/Cellar/openjdk@8/1.8.0+302/libexec/openjdk.jdk/Contents/Home/jre"/>
    <property name="sun.java.command" value="org.codehaus.plexus.classworlds.launcher.Launcher -B test"/>
    <property name="java.specification.vendor" value="Oracle Corporation"/>
    <property name="user.language" value="en"/>
    <property name="awt.toolkit" value="sun.lwawt.macosx.LWCToolkit"/>
    <property name="java.vm.info" value="mixed mode"/>
    <property name="java.version" value="1.8.0_302"/>
    <property name="java.ext.dirs" value="/Users/apple/Library/Java/Extensions:/usr/local/Cellar/openjdk@8/1.8.0+302/libexec/openjdk.jdk/Contents/Home/jre/lib/ext:/Library/Java/Extensions:/Network/Library/Java/Extensions:/System/Library/Java/Extensions:/usr/lib/java"/>
    <property name="sun.boot.class.path" value="/usr/local/Cellar/openjdk@8/1.8.0+302/libexec/openjdk.jdk/Contents/Home/jre/lib/resources.jar:/usr/local/Cellar/openjdk@8/1.8.0+302/libexec/openjdk.jdk/Contents/Home/jre/lib/rt.jar:/usr/local/Cellar/openjdk@8/1.8.0+302/libexec/openjdk.jdk/Contents/Home/jre/lib/sunrsasign.jar:/usr/local/Cellar/openjdk@8/1.8.0+302/libexec/openjdk.jdk/Contents/Home/jre/lib/jsse.jar:/usr/local/Cellar/openjdk@8/1.8.0+302/libexec/openjdk.jdk/Contents/Home/jre/lib/jce.jar:/usr/local/Cellar/openjdk@8/1.8.0+302/libexec/openjdk.jdk/Contents/Home/jre/lib/charsets.jar:/usr/local/Cellar/openjdk@8/1.8.0+302/libexec/openjdk.jdk/Contents/Home/jre/lib/jfr.jar:/usr/local/Cellar/openjdk@8/1.8.0+302/libexec/openjdk.jdk/Contents/Home/jre/classes"/>
    <property name="java.vendor" value="Homebrew"/>
    <property name="maven.home" value="/Users/apple/eclipse-workspace/zaarolBasic/EMBEDDED"/>
    <property name="file.separator" value="/"/>
    <property name="java.vendor.url.bug" value="https://github.com/Homebrew/homebrew-core/issues"/>
    <property name="sun.cpu.endian" value="little"/>
    <property name="sun.io.unicode.encoding" value="UnicodeBig"/>
    <property name="socksNonProxyHosts" value="local|*.local|169.254/16|*.169.254/16"/>
    <property name="ftp.nonProxyHosts" value="local|*.local|169.254/16|*.169.254/16"/>
    <property name="sun.cpu.isalist" value=""/>
  </properties>
  <testcase name="loginTest" classname="com.zaarolbasic.testCases.TC_LoginTest_001" time="32.812"/>
</testsuite>